StrategyName:基类设置参数
添加合约BTC_CNY_SPOT与策略的匹配目录
向gateway订阅合约BTC_CNY_SPOT
交易合约BTC_CNY_SPOT无法找到，添加到待订阅列表
添加合约LTC_CNY_SPOT与策略的匹配目录
向gateway订阅合约LTC_CNY_SPOT
交易合约LTC_CNY_SPOT无法找到，添加到待订阅列表
strategyAtrRsi:strategyAtrRsi策略初始化
数据查询失败，MongoDB没有连接
strategyAtrRsi:strategyAtrRsi策略启动
接口初始化成功
服务器连接成功
已成功订阅BTC_CNY_SPOT，从待订阅清单中移除
已成功订阅LTC_CNY_SPOT，从待订阅清单中移除
StrategyName:基类设置参数
添加合约BTC_CNY_SPOT与策略的匹配目录
向gateway订阅合约BTC_CNY_SPOT
交易合约BTC_CNY_SPOT无法找到，添加到待订阅列表
添加合约LTC_CNY_SPOT与策略的匹配目录
向gateway订阅合约LTC_CNY_SPOT
交易合约LTC_CNY_SPOT无法找到，添加到待订阅列表
添加合约与策略的匹配目录
向gateway订阅合约
交易合约无法找到，添加到待订阅列表
添加合约ETH_CNY_SPOT与策略的匹配目录
向gateway订阅合约ETH_CNY_SPOT
交易合约ETH_CNY_SPOT无法找到，添加到待订阅列表
strategyAtrRsi:strategyAtrRsi策略初始化
数据查询失败，MongoDB没有连接
strategyAtrRsi:strategyAtrRsi策略启动
接口初始化成功
服务器连接成功
已成功订阅BTC_CNY_SPOT，从待订阅清单中移除
已成功订阅LTC_CNY_SPOT，从待订阅清单中移除
已成功订阅ETH_CNY_SPOT，从待订阅清单中移除
StrategyName:基类设置参数
添加合约BTC_CNY_SPOT与策略的匹配目录
向gateway订阅合约BTC_CNY_SPOT
交易合约BTC_CNY_SPOT无法找到，添加到待订阅列表
添加合约LTC_CNY_SPOT与策略的匹配目录
向gateway订阅合约LTC_CNY_SPOT
交易合约LTC_CNY_SPOT无法找到，添加到待订阅列表
添加合约与策略的匹配目录
向gateway订阅合约
交易合约无法找到，添加到待订阅列表
添加合约ETH_CNY_SPOT与策略的匹配目录
向gateway订阅合约ETH_CNY_SPOT
交易合约ETH_CNY_SPOT无法找到，添加到待订阅列表
strategyAtrRsi:strategyAtrRsi策略初始化
数据查询失败，MongoDB没有连接
strategyAtrRsi:strategyAtrRsi策略启动
接口初始化成功
服务器连接成功
已成功订阅BTC_CNY_SPOT，从待订阅清单中移除
已成功订阅LTC_CNY_SPOT，从待订阅清单中移除
已成功订阅ETH_CNY_SPOT，从待订阅清单中移除
